[Tue Oct 22 16:10:01.699587 2024] [php:warn] [pid 21780:tid 1636] [client ::1:55346] PHP Warning:  Undefined array key "segret" in C:\\Users\\Alessia\\Desktop\\ESAME 3\\aboutme.php on line 94, referer: http://esame.localhost/index.php
[Tue Oct 22 16:10:01.700566 2024] [php:warn] [pid 21780:tid 1636] [client ::1:55346] PHP Warning:  Undefined array key "passeggio" in C:\\Users\\Alessia\\Desktop\\ESAME 3\\aboutme.php on line 101, referer: http://esame.localhost/index.php
[Tue Oct 22 16:10:01.700566 2024] [php:warn] [pid 21780:tid 1636] [client ::1:55346] PHP Warning:  Undefined array key "lettura" in C:\\Users\\Alessia\\Desktop\\ESAME 3\\aboutme.php on line 108, referer: http://esame.localhost/index.php
[Tue Oct 22 16:10:53.643592 2024] [php:warn] [pid 21780:tid 1896] [client ::1:55349] PHP Warning:  Undefined array key "passeggio" in C:\\Users\\Alessia\\Desktop\\ESAME 3\\aboutme.php on line 101, referer: http://esame.localhost/index.php
[Tue Oct 22 16:10:53.643592 2024] [php:warn] [pid 21780:tid 1896] [client ::1:55349] PHP Warning:  Undefined array key "lettura" in C:\\Users\\Alessia\\Desktop\\ESAME 3\\aboutme.php on line 108, referer: http://esame.localhost/index.php
[Wed Oct 23 14:16:38.598350 2024] [php:warn] [pid 21780:tid 1880] [client ::1:64042] PHP Warning:  Undefined array key "contenuto" in C:\\Users\\Alessia\\Desktop\\ESAME 3\\aboutme.php on line 87, referer: http://esame.localhost/progetti.php
[Wed Oct 23 14:16:38.599349 2024] [php:warn] [pid 21780:tid 1880] [client ::1:64042] PHP Warning:  Undefined array key "contenuto" in C:\\Users\\Alessia\\Desktop\\ESAME 3\\aboutme.php on line 94, referer: http://esame.localhost/progetti.php
[Wed Oct 23 14:16:38.600345 2024] [php:warn] [pid 21780:tid 1880] [client ::1:64042] PHP Warning:  Undefined array key "contenuto" in C:\\Users\\Alessia\\Desktop\\ESAME 3\\aboutme.php on line 101, referer: http://esame.localhost/progetti.php
[Wed Oct 23 14:16:38.600345 2024] [php:warn] [pid 21780:tid 1880] [client ::1:64042] PHP Warning:  Undefined array key "contenuto" in C:\\Users\\Alessia\\Desktop\\ESAME 3\\aboutme.php on line 108, referer: http://esame.localhost/progetti.php
[Wed Oct 23 14:16:40.198969 2024] [php:warn] [pid 21780:tid 1880] [client ::1:64042] PHP Warning:  Undefined array key "contenuto" in C:\\Users\\Alessia\\Desktop\\ESAME 3\\aboutme.php on line 87, referer: http://esame.localhost/aboutme.php
[Wed Oct 23 14:16:40.198969 2024] [php:warn] [pid 21780:tid 1880] [client ::1:64042] PHP Warning:  Undefined array key "contenuto" in C:\\Users\\Alessia\\Desktop\\ESAME 3\\aboutme.php on line 94, referer: http://esame.localhost/aboutme.php
[Wed Oct 23 14:16:40.198969 2024] [php:warn] [pid 21780:tid 1880] [client ::1:64042] PHP Warning:  Undefined array key "contenuto" in C:\\Users\\Alessia\\Desktop\\ESAME 3\\aboutme.php on line 101, referer: http://esame.localhost/aboutme.php
[Wed Oct 23 14:16:40.199965 2024] [php:warn] [pid 21780:tid 1880] [client ::1:64042] PHP Warning:  Undefined array key "contenuto" in C:\\Users\\Alessia\\Desktop\\ESAME 3\\aboutme.php on line 108, referer: http://esame.localhost/aboutme.php
[Wed Oct 23 14:16:47.855876 2024] [php:warn] [pid 21780:tid 1880] [client ::1:64042] PHP Warning:  Undefined array key "contenuto" in C:\\Users\\Alessia\\Desktop\\ESAME 3\\aboutme.php on line 87, referer: http://esame.localhost/progettosingolo.php
[Wed Oct 23 14:16:47.855876 2024] [php:warn] [pid 21780:tid 1880] [client ::1:64042] PHP Warning:  Undefined array key "contenuto" in C:\\Users\\Alessia\\Desktop\\ESAME 3\\aboutme.php on line 94, referer: http://esame.localhost/progettosingolo.php
[Wed Oct 23 14:16:47.855876 2024] [php:warn] [pid 21780:tid 1880] [client ::1:64042] PHP Warning:  Undefined array key "contenuto" in C:\\Users\\Alessia\\Desktop\\ESAME 3\\aboutme.php on line 101, referer: http://esame.localhost/progettosingolo.php
[Wed Oct 23 14:16:47.855876 2024] [php:warn] [pid 21780:tid 1880] [client ::1:64042] PHP Warning:  Undefined array key "contenuto" in C:\\Users\\Alessia\\Desktop\\ESAME 3\\aboutme.php on line 108, referer: http://esame.localhost/progettosingolo.php
[Wed Oct 23 14:20:03.725140 2024] [php:warn] [pid 21780:tid 1908] [client ::1:64267] PHP Warning:  Undefined array key "contenuto" in C:\\Users\\Alessia\\Desktop\\ESAME 3\\aboutme.php on line 87, referer: http://esame.localhost/index.php
[Wed Oct 23 14:20:03.726137 2024] [php:warn] [pid 21780:tid 1908] [client ::1:64267] PHP Warning:  Undefined array key "contenuto" in C:\\Users\\Alessia\\Desktop\\ESAME 3\\aboutme.php on line 94, referer: http://esame.localhost/index.php
[Wed Oct 23 14:20:03.726137 2024] [php:warn] [pid 21780:tid 1908] [client ::1:64267] PHP Warning:  Undefined array key "contenuto" in C:\\Users\\Alessia\\Desktop\\ESAME 3\\aboutme.php on line 101, referer: http://esame.localhost/index.php
[Wed Oct 23 14:20:03.726137 2024] [php:warn] [pid 21780:tid 1908] [client ::1:64267] PHP Warning:  Undefined array key "contenuto" in C:\\Users\\Alessia\\Desktop\\ESAME 3\\aboutme.php on line 108, referer: http://esame.localhost/index.php
[Wed Oct 23 14:20:10.557952 2024] [php:warn] [pid 21780:tid 1908] [client ::1:64267] PHP Warning:  Undefined array key "contenuto" in C:\\Users\\Alessia\\Desktop\\ESAME 3\\aboutme.php on line 87, referer: http://esame.localhost/contatti.php
[Wed Oct 23 14:20:10.557952 2024] [php:warn] [pid 21780:tid 1908] [client ::1:64267] PHP Warning:  Undefined array key "contenuto" in C:\\Users\\Alessia\\Desktop\\ESAME 3\\aboutme.php on line 94, referer: http://esame.localhost/contatti.php
[Wed Oct 23 14:20:10.557952 2024] [php:warn] [pid 21780:tid 1908] [client ::1:64267] PHP Warning:  Undefined array key "contenuto" in C:\\Users\\Alessia\\Desktop\\ESAME 3\\aboutme.php on line 101, referer: http://esame.localhost/contatti.php
[Wed Oct 23 14:20:10.557952 2024] [php:warn] [pid 21780:tid 1908] [client ::1:64267] PHP Warning:  Undefined array key "contenuto" in C:\\Users\\Alessia\\Desktop\\ESAME 3\\aboutme.php on line 108, referer: http://esame.localhost/contatti.php
[Wed Oct 23 14:20:15.805659 2024] [php:warn] [pid 21780:tid 1908] [client ::1:64267] PHP Warning:  Undefined array key "contenuto" in C:\\Users\\Alessia\\Desktop\\ESAME 3\\aboutme.php on line 87, referer: http://esame.localhost/contatti.php
[Wed Oct 23 14:20:15.806654 2024] [php:warn] [pid 21780:tid 1908] [client ::1:64267] PHP Warning:  Undefined array key "contenuto" in C:\\Users\\Alessia\\Desktop\\ESAME 3\\aboutme.php on line 94, referer: http://esame.localhost/contatti.php
[Wed Oct 23 14:20:15.806654 2024] [php:warn] [pid 21780:tid 1908] [client ::1:64267] PHP Warning:  Undefined array key "contenuto" in C:\\Users\\Alessia\\Desktop\\ESAME 3\\aboutme.php on line 101, referer: http://esame.localhost/contatti.php
[Wed Oct 23 14:20:15.806654 2024] [php:warn] [pid 21780:tid 1908] [client ::1:64267] PHP Warning:  Undefined array key "contenuto" in C:\\Users\\Alessia\\Desktop\\ESAME 3\\aboutme.php on line 108, referer: http://esame.localhost/contatti.php
[Wed Oct 23 14:25:48.820326 2024] [php:warn] [pid 21780:tid 1908] [client ::1:64489] PHP Warning:  Undefined array key "contenuto" in C:\\Users\\Alessia\\Desktop\\ESAME 3\\aboutme.php on line 87, referer: http://esame.localhost/contatti.php
[Wed Oct 23 14:25:48.821324 2024] [php:warn] [pid 21780:tid 1908] [client ::1:64489] PHP Warning:  Undefined array key "contenuto" in C:\\Users\\Alessia\\Desktop\\ESAME 3\\aboutme.php on line 94, referer: http://esame.localhost/contatti.php
[Wed Oct 23 14:25:48.821324 2024] [php:warn] [pid 21780:tid 1908] [client ::1:64489] PHP Warning:  Undefined array key "contenuto" in C:\\Users\\Alessia\\Desktop\\ESAME 3\\aboutme.php on line 101, referer: http://esame.localhost/contatti.php
[Wed Oct 23 14:25:48.821324 2024] [php:warn] [pid 21780:tid 1908] [client ::1:64489] PHP Warning:  Undefined array key "contenuto" in C:\\Users\\Alessia\\Desktop\\ESAME 3\\aboutme.php on line 108, referer: http://esame.localhost/contatti.php
[Wed Oct 23 18:20:53.170189 2024] [php:warn] [pid 18024:tid 1908] [client ::1:51557] PHP Warning:  Undefined array key "seg" in C:\\Users\\Alessia\\Desktop\\ESAME 3\\index.php on line 220, referer: http://esame.localhost/aboutme.php
[Wed Oct 23 18:20:53.172200 2024] [php:warn] [pid 18024:tid 1908] [client ::1:51557] PHP Warning:  Undefined array key "gd" in C:\\Users\\Alessia\\Desktop\\ESAME 3\\index.php on line 225, referer: http://esame.localhost/aboutme.php
[Wed Oct 23 18:20:53.172200 2024] [php:warn] [pid 18024:tid 1908] [client ::1:51557] PHP Warning:  Undefined array key "wd" in C:\\Users\\Alessia\\Desktop\\ESAME 3\\index.php on line 230, referer: http://esame.localhost/aboutme.php
[Wed Oct 23 18:35:15.403752 2024] [php:warn] [pid 18024:tid 1904] [client ::1:52000] PHP Warning:  Undefined array key "contenuto" in C:\\Users\\Alessia\\Desktop\\ESAME 3\\aboutme.php on line 88, referer: http://esame.localhost/index.php
[Wed Oct 23 18:35:15.404749 2024] [php:warn] [pid 18024:tid 1904] [client ::1:52000] PHP Warning:  Undefined array key "contenuto" in C:\\Users\\Alessia\\Desktop\\ESAME 3\\aboutme.php on line 109, referer: http://esame.localhost/index.php
[Wed Oct 23 18:35:45.770406 2024] [php:warn] [pid 18024:tid 1904] [client ::1:52008] PHP Warning:  Undefined array key "contenuto" in C:\\Users\\Alessia\\Desktop\\ESAME 3\\aboutme.php on line 88, referer: http://esame.localhost/index.php
[Wed Oct 23 18:35:45.770406 2024] [php:warn] [pid 18024:tid 1904] [client ::1:52008] PHP Warning:  Undefined array key "grap" in C:\\Users\\Alessia\\Desktop\\ESAME 3\\aboutme.php on line 95, referer: http://esame.localhost/index.php
[Wed Oct 23 18:35:45.770406 2024] [php:warn] [pid 18024:tid 1904] [client ::1:52008] PHP Warning:  Undefined array key "contenuto" in C:\\Users\\Alessia\\Desktop\\ESAME 3\\aboutme.php on line 109, referer: http://esame.localhost/index.php
[Wed Oct 23 18:35:46.655789 2024] [php:warn] [pid 18024:tid 1904] [client ::1:52008] PHP Warning:  Undefined array key "contenuto" in C:\\Users\\Alessia\\Desktop\\ESAME 3\\aboutme.php on line 88, referer: http://esame.localhost/index.php
[Wed Oct 23 18:35:46.655789 2024] [php:warn] [pid 18024:tid 1904] [client ::1:52008] PHP Warning:  Undefined array key "grap" in C:\\Users\\Alessia\\Desktop\\ESAME 3\\aboutme.php on line 95, referer: http://esame.localhost/index.php
[Wed Oct 23 18:35:46.655789 2024] [php:warn] [pid 18024:tid 1904] [client ::1:52008] PHP Warning:  Undefined array key "contenuto" in C:\\Users\\Alessia\\Desktop\\ESAME 3\\aboutme.php on line 109, referer: http://esame.localhost/index.php
[Wed Oct 23 18:35:47.829318 2024] [php:warn] [pid 18024:tid 1904] [client ::1:52008] PHP Warning:  Undefined array key "contenuto" in C:\\Users\\Alessia\\Desktop\\ESAME 3\\aboutme.php on line 88, referer: http://esame.localhost/index.php
[Wed Oct 23 18:35:47.829318 2024] [php:warn] [pid 18024:tid 1904] [client ::1:52008] PHP Warning:  Undefined array key "grap" in C:\\Users\\Alessia\\Desktop\\ESAME 3\\aboutme.php on line 95, referer: http://esame.localhost/index.php
[Wed Oct 23 18:35:47.829318 2024] [php:warn] [pid 18024:tid 1904] [client ::1:52008] PHP Warning:  Undefined array key "contenuto" in C:\\Users\\Alessia\\Desktop\\ESAME 3\\aboutme.php on line 109, referer: http://esame.localhost/index.php
[Wed Oct 23 18:36:08.152663 2024] [php:warn] [pid 18024:tid 1904] [client ::1:52012] PHP Warning:  Undefined array key "grap" in C:\\Users\\Alessia\\Desktop\\ESAME 3\\aboutme.php on line 88, referer: http://esame.localhost/index.php
[Wed Oct 23 18:36:08.152663 2024] [php:warn] [pid 18024:tid 1904] [client ::1:52012] PHP Warning:  Undefined array key "contenuto" in C:\\Users\\Alessia\\Desktop\\ESAME 3\\aboutme.php on line 109, referer: http://esame.localhost/index.php
[Wed Oct 23 18:36:14.280488 2024] [php:warn] [pid 18024:tid 1908] [client ::1:52019] PHP Warning:  Undefined array key "contenuto" in C:\\Users\\Alessia\\Desktop\\ESAME 3\\aboutme.php on line 109, referer: http://esame.localhost/index.php
